<?xml version="1.0" encoding="UTF-8"?>
<!-- Generated by org.testng.reporters.JUnitReportReporter -->
<testsuite skipped="0" hostname="LAPTOP-I3V0BKGE" name="testngexamples.TestNGExample2" tests="1" failures="0" timestamp="11 Nov 2019 07:59:54 GMT" time="0.016" errors="0">
  <testcase name="TestNGClass2Method1" time="0.016" classname="testngexamples.TestNGExample2"/>
</testsuite> <!-- testngexamples.TestNGExample2 -->
