<?xml version="1.0" encoding="UTF-8"?>
<!-- Generated by org.testng.reporters.JUnitReportReporter -->
<testsuite skipped="0" hostname="LAPTOP-I3V0BKGE" name="testngexamples.TestNGExample1" tests="2" failures="0" timestamp="11 Nov 2019 07:59:54 GMT" time="0.249" errors="0">
  <testcase name="TestCase2" time="0.000" classname="testngexamples.TestNGExample1"/>
  <testcase name="TestCase1" time="0.249" classname="testngexamples.TestNGExample1"/>
</testsuite> <!-- testngexamples.TestNGExample1 -->
